Started GET "/" for 127.0.0.1 at 2022-05-21 23:00:12 +0300
  
ActiveRecord::NoDatabaseError (We could not find your database: flights_development. Which can be found in the database configuration file located at config/database.yml.

To resolve this issue:

- Did you create the database for this app, or delete it? You may need to create your database.
- Has the database name changed? Check your database.yml config has the correct database name.

To create your database, run:

        bin/rails db:create
):
  
activerecord (7.0.3) lib/active_record/connection_adapters/postgresql_adapter.rb:81:in `rescue in new_client'
activerecord (7.0.3) lib/active_record/connection_adapters/postgresql_adapter.rb:77:in `new_client'
activerecord (7.0.3) lib/active_record/connection_adapters/postgresql_adapter.rb:37:in `postgresql_connection'
activerecord (7.0.3) lib/active_record/connection_adapters/abstract/connection_pool.rb:656:in `public_send'
activerecord (7.0.3) lib/active_record/connection_adapters/abstract/connection_pool.rb:656:in `new_connection'
activerecord (7.0.3) lib/active_record/connection_adapters/abstract/connection_pool.rb:700:in `checkout_new_connection'
activerecord (7.0.3) lib/active_record/connection_adapters/abstract/connection_pool.rb:679:in `try_to_checkout_new_connection'
activerecord (7.0.3) lib/active_record/connection_adapters/abstract/connection_pool.rb:640:in `acquire_connection'
activerecord (7.0.3) lib/active_record/connection_adapters/abstract/connection_pool.rb:341:in `checkout'
activerecord (7.0.3) lib/active_record/connection_adapters/abstract/connection_pool.rb:181:in `connection'
activerecord (7.0.3) lib/active_record/connection_adapters/abstract/connection_handler.rb:211:in `retrieve_connection'
activerecord (7.0.3) lib/active_record/connection_handling.rb:313:in `retrieve_connection'
activerecord (7.0.3) lib/active_record/connection_handling.rb:280:in `connection'
activerecord (7.0.3) lib/active_record/migration.rb:613:in `connection'
activerecord (7.0.3) lib/active_record/migration.rb:608:in `build_watcher'
activerecord (7.0.3) lib/active_record/migration.rb:590:in `block in call'
activerecord (7.0.3) lib/active_record/migration.rb:589:in `synchronize'
activerecord (7.0.3) lib/active_record/migration.rb:589:in `call'
actionpack (7.0.3) lib/action_dispatch/middleware/callbacks.rb:27:in `block in call'
activesupport (7.0.3) lib/active_support/callbacks.rb:99:in `run_callbacks'
actionpack (7.0.3) lib/action_dispatch/middleware/callbacks.rb:26:in `call'
actionpack (7.0.3) lib/action_dispatch/middleware/executor.rb:14:in `call'
actionpack (7.0.3) lib/action_dispatch/middleware/actionable_exceptions.rb:17:in `call'
actionpack (7.0.3) lib/action_dispatch/middleware/debug_exceptions.rb:28:in `call'
web-console (4.2.0) lib/web_console/middleware.rb:132:in `call_app'
web-console (4.2.0) lib/web_console/middleware.rb:28:in `block in call'
web-console (4.2.0) lib/web_console/middleware.rb:17:in `catch'
web-console (4.2.0) lib/web_console/middleware.rb:17:in `call'
actionpack (7.0.3) lib/action_dispatch/middleware/show_exceptions.rb:26:in `call'
railties (7.0.3) lib/rails/rack/logger.rb:40:in `call_app'
railties (7.0.3) lib/rails/rack/logger.rb:25:in `block in call'
activesupport (7.0.3) lib/active_support/tagged_logging.rb:114:in `block in tagged'
activesupport (7.0.3) lib/active_support/tagged_logging.rb:38:in `tagged'
activesupport (7.0.3) lib/active_support/tagged_logging.rb:114:in `tagged'
railties (7.0.3) lib/rails/rack/logger.rb:25:in `call'
sprockets-rails (3.4.2) lib/sprockets/rails/quiet_assets.rb:13:in `call'
actionpack (7.0.3) lib/action_dispatch/middleware/remote_ip.rb:93:in `call'
actionpack (7.0.3) lib/action_dispatch/middleware/request_id.rb:26:in `call'
rack (2.2.3) lib/rack/method_override.rb:24:in `call'
rack (2.2.3) lib/rack/runtime.rb:22:in `call'
activesupport (7.0.3) lib/active_support/cache/strategy/local_cache_middleware.rb:29:in `call'
actionpack (7.0.3) lib/action_dispatch/middleware/server_timing.rb:20:in `call'
actionpack (7.0.3) lib/action_dispatch/middleware/executor.rb:14:in `call'
actionpack (7.0.3) lib/action_dispatch/middleware/static.rb:23:in `call'
rack (2.2.3) lib/rack/sendfile.rb:110:in `call'
actionpack (7.0.3) lib/action_dispatch/middleware/host_authorization.rb:137:in `call'
railties (7.0.3) lib/rails/engine.rb:530:in `call'
puma (5.6.4) lib/puma/configuration.rb:252:in `call'
puma (5.6.4) lib/puma/request.rb:77:in `block in handle_request'
puma (5.6.4) lib/puma/thread_pool.rb:340:in `with_force_shutdown'
puma (5.6.4) lib/puma/request.rb:76:in `handle_request'
puma (5.6.4) lib/puma/server.rb:441:in `process_client'
puma (5.6.4) lib/puma/thread_pool.rb:147:in `block in spawn_thread'
  [1m[35m (401.8ms)[0m  [1m[35mCREATE DATABASE "flights_development" ENCODING = 'unicode'[0m
  [1m[35m (47.9ms)[0m  [1m[35mCREATE DATABASE "flights_test" ENCODING = 'unicode'[0m
  [1m[35m (97.3ms)[0m  [1m[35mCREATE TABLE "schema_migrations" ("version" character varying NOT NULL PRIMARY KEY)[0m
  [1m[35m (12.7ms)[0m  [1m[35mCREATE TABLE "ar_internal_metadata" ("key" character varying NOT NULL PRIMARY KEY, "value" character varying, "created_at" timestamp(6) NOT NULL, "updated_at" timestamp(6) NOT NULL)[0m
  [1m[35m (0.2ms)[0m  [1m[34mSELECT pg_try_advisory_lock(5424714443319217200)[0m
  [1m[36mActiveRecord::SchemaMigration Pluck (4.7ms)[0m  [1m[34mSELECT "schema_migrations"."version" FROM "schema_migrations" ORDER BY "schema_migrations"."version" ASC[0m
Migrating to CreateAirlines (20220521200619)
  [1m[36mTRANSACTION (0.2ms)[0m  [1m[35mBEGIN[0m
  [1m[35m (28.4ms)[0m  [1m[35mCREATE TABLE "airlines" ("id" bigserial primary key, "name" character varying, "image_url" character varying, "slug" character varying, "created_at" timestamp(6) NOT NULL, "updated_at" timestamp(6) NOT NULL)[0m
  [1m[36mActiveRecord::SchemaMigration Create (0.7ms)[0m  [1m[32mINSERT INTO "schema_migrations" ("version") VALUES ($1) RETURNING "version"[0m  [["version", "20220521200619"]]
  [1m[36mTRANSACTION (3.5ms)[0m  [1m[35mCOMMIT[0m
Migrating to CreateReviews (20220521201054)
  [1m[36mTRANSACTION (0.3ms)[0m  [1m[35mBEGIN[0m
  [1m[35m (15.7ms)[0m  [1m[35mCREATE TABLE "reviews" ("id" bigserial primary key, "title" character varying, "description" character varying, "score" integer, "airline_id" bigint NOT NULL, "created_at" timestamp(6) NOT NULL, "updated_at" timestamp(6) NOT NULL, CONSTRAINT "fk_rails_3a3d57cfdb"
FOREIGN KEY ("airline_id")
  REFERENCES "airlines" ("id")
)[0m
  [1m[35m (1.1ms)[0m  [1m[35mCREATE INDEX "index_reviews_on_airline_id" ON "reviews" ("airline_id")[0m
  [1m[36mActiveRecord::SchemaMigration Create (0.3ms)[0m  [1m[32mINSERT INTO "schema_migrations" ("version") VALUES ($1) RETURNING "version"[0m  [["version", "20220521201054"]]
  [1m[36mTRANSACTION (0.3ms)[0m  [1m[35mCOMMIT[0m
  [1m[36mActiveRecord::InternalMetadata Load (0.3ms)[0m  [1m[34mSELECT "ar_internal_metadata".* FROM "ar_internal_metadata" WHERE "ar_internal_metadata"."key" = $1 LIMIT $2[0m  [["key", "environment"], ["LIMIT", 1]]
  [1m[36mTRANSACTION (0.1ms)[0m  [1m[35mBEGIN[0m
  [1m[36mActiveRecord::InternalMetadata Create (9.3ms)[0m  [1m[32mINSERT INTO "ar_internal_metadata" ("key", "value", "created_at", "updated_at") VALUES ($1, $2, $3, $4) RETURNING "key"[0m  [["key", "environment"], ["value", "development"], ["created_at", "2022-05-22 03:30:12.385249"], ["updated_at", "2022-05-22 03:30:12.385249"]]
  [1m[36mTRANSACTION (0.3ms)[0m  [1m[35mCOMMIT[0m
  [1m[35m (0.4ms)[0m  [1m[34mSELECT pg_advisory_unlock(5424714443319217200)[0m
  [1m[36mActiveRecord::SchemaMigration Pluck (1.1ms)[0m  [1m[34mSELECT "schema_migrations"."version" FROM "schema_migrations" ORDER BY "schema_migrations"."version" ASC[0m
  [1m[36mActiveRecord::SchemaMigration Pluck (4.6ms)[0m  [1m[34mSELECT "schema_migrations"."version" FROM "schema_migrations" ORDER BY "schema_migrations"."version" ASC[0m
  [1m[36mAirline Load (6.9ms)[0m  [1m[34mSELECT "airlines".* FROM "airlines"[0m
  [1m[36mActiveRecord::SchemaMigration Pluck (0.5ms)[0m  [1m[34mSELECT "schema_migrations"."version" FROM "schema_migrations" ORDER BY "schema_migrations"."version" ASC[0m
  [1m[36mActiveRecord::SchemaMigration Pluck (1.6ms)[0m  [1m[34mSELECT "schema_migrations"."version" FROM "schema_migrations" ORDER BY "schema_migrations"."version" ASC[0m
  [1m[36mTRANSACTION (0.1ms)[0m  [1m[35mBEGIN[0m
  [1m[36mAirline Create (24.5ms)[0m  [1m[32mINSERT INTO "airlines" ("name", "image_url", "slug", "created_at", "updated_at") VALUES ($1, $2, $3, $4, $5) RETURNING "id"[0m  [["name", "United Airlines"], ["image_url", "https://open-flights.s3.amazonaws.com/United-Airlines.png"], ["slug", "united-airlines"], ["created_at", "2022-05-22 03:54:00.849835"], ["updated_at", "2022-05-22 03:54:00.849835"]]
  [1m[36mTRANSACTION (1.4ms)[0m  [1m[35mCOMMIT[0m
  [1m[36mTRANSACTION (0.1ms)[0m  [1m[35mBEGIN[0m
  [1m[36mAirline Create (1.0ms)[0m  [1m[32mINSERT INTO "airlines" ("name", "image_url", "slug", "created_at", "updated_at") VALUES ($1, $2, $3, $4, $5) RETURNING "id"[0m  [["name", "Southwest"], ["image_url", "https://open-flights.s3.amazonaws.com/Southwest-Airlines.png"], ["slug", "southwest"], ["created_at", "2022-05-22 03:54:00.921110"], ["updated_at", "2022-05-22 03:54:00.921110"]]
  [1m[36mTRANSACTION (0.2ms)[0m  [1m[35mCOMMIT[0m
  [1m[36mTRANSACTION (0.1ms)[0m  [1m[35mBEGIN[0m
  [1m[36mAirline Create (0.2ms)[0m  [1m[32mINSERT INTO "airlines" ("name", "image_url", "slug", "created_at", "updated_at") VALUES ($1, $2, $3, $4, $5) RETURNING "id"[0m  [["name", "Delta"], ["image_url", "https://open-flights.s3.amazonaws.com/Delta.png"], ["slug", "delta"], ["created_at", "2022-05-22 03:54:00.923531"], ["updated_at", "2022-05-22 03:54:00.923531"]]
  [1m[36mTRANSACTION (0.2ms)[0m  [1m[35mCOMMIT[0m
  [1m[36mReview Load (2.6ms)[0m  [1m[34mSELECT "reviews".* FROM "reviews"[0m
  [1m[36mReview Load (1377.6ms)[0m  [1m[34mSELECT "reviews".* FROM "reviews"[0m
  [1m[36mActiveRecord::SchemaMigration Pluck (0.9ms)[0m  [1m[34mSELECT "schema_migrations"."version" FROM "schema_migrations" ORDER BY "schema_migrations"."version" ASC[0m
  [1m[36mTRANSACTION (0.1ms)[0m  [1m[35mBEGIN[0m
  [1m[36mAirline Create (7.3ms)[0m  [1m[32mINSERT INTO "airlines" ("name", "image_url", "slug", "created_at", "updated_at") VALUES ($1, $2, $3, $4, $5) RETURNING "id"[0m  [["name", "United Airlines"], ["image_url", "https://open-flights.s3.amazonaws.com/United-Airlines.png"], ["slug", "united-airlines"], ["created_at", "2022-05-22 03:55:51.305760"], ["updated_at", "2022-05-22 03:55:51.305760"]]
  [1m[36mTRANSACTION (1.1ms)[0m  [1m[35mCOMMIT[0m
  [1m[36mTRANSACTION (0.1ms)[0m  [1m[35mBEGIN[0m
  [1m[36mAirline Create (1.7ms)[0m  [1m[32mINSERT INTO "airlines" ("name", "image_url", "slug", "created_at", "updated_at") VALUES ($1, $2, $3, $4, $5) RETURNING "id"[0m  [["name", "Southwest"], ["image_url", "https://open-flights.s3.amazonaws.com/Southwest-Airlines.png"], ["slug", "southwest"], ["created_at", "2022-05-22 03:55:51.325667"], ["updated_at", "2022-05-22 03:55:51.325667"]]
  [1m[36mTRANSACTION (0.2ms)[0m  [1m[35mCOMMIT[0m
  [1m[36mTRANSACTION (0.1ms)[0m  [1m[35mBEGIN[0m
  [1m[36mAirline Create (0.2ms)[0m  [1m[32mINSERT INTO "airlines" ("name", "image_url", "slug", "created_at", "updated_at") VALUES ($1, $2, $3, $4, $5) RETURNING "id"[0m  [["name", "Delta"], ["image_url", "https://open-flights.s3.amazonaws.com/Delta.png"], ["slug", "delta"], ["created_at", "2022-05-22 03:55:51.328880"], ["updated_at", "2022-05-22 03:55:51.328880"]]
  [1m[36mTRANSACTION (0.2ms)[0m  [1m[35mCOMMIT[0m
  [1m[36mActiveRecord::SchemaMigration Pluck (0.8ms)[0m  [1m[34mSELECT "schema_migrations"."version" FROM "schema_migrations" ORDER BY "schema_migrations"."version" ASC[0m
  [1m[36mTRANSACTION (0.1ms)[0m  [1m[35mBEGIN[0m
  [1m[36mAirline Create (0.8ms)[0m  [1m[32mINSERT INTO "airlines" ("name", "image_url", "slug", "created_at", "updated_at") VALUES ($1, $2, $3, $4, $5) RETURNING "id"[0m  [["name", "United Airlines"], ["image_url", "https://open-flights.s3.amazonaws.com/United-Airlines.png"], ["slug", "united-airlines"], ["created_at", "2022-05-22 03:56:30.636077"], ["updated_at", "2022-05-22 03:56:30.636077"]]
  [1m[36mTRANSACTION (4.0ms)[0m  [1m[35mCOMMIT[0m
  [1m[36mTRANSACTION (0.2ms)[0m  [1m[35mBEGIN[0m
  [1m[36mAirline Create (0.2ms)[0m  [1m[32mINSERT INTO "airlines" ("name", "image_url", "slug", "created_at", "updated_at") VALUES ($1, $2, $3, $4, $5) RETURNING "id"[0m  [["name", "Southwest"], ["image_url", "https://open-flights.s3.amazonaws.com/Southwest-Airlines.png"], ["slug", "southwest"], ["created_at", "2022-05-22 03:56:30.651541"], ["updated_at", "2022-05-22 03:56:30.651541"]]
  [1m[36mTRANSACTION (0.2ms)[0m  [1m[35mCOMMIT[0m
  [1m[36mTRANSACTION (0.1ms)[0m  [1m[35mBEGIN[0m
  [1m[36mAirline Create (0.2ms)[0m  [1m[32mINSERT INTO "airlines" ("name", "image_url", "slug", "created_at", "updated_at") VALUES ($1, $2, $3, $4, $5) RETURNING "id"[0m  [["name", "Delta"], ["image_url", "https://open-flights.s3.amazonaws.com/Delta.png"], ["slug", "delta"], ["created_at", "2022-05-22 03:56:30.653155"], ["updated_at", "2022-05-22 03:56:30.653155"]]
  [1m[36mTRANSACTION (0.2ms)[0m  [1m[35mCOMMIT[0m
  [1m[36mActiveRecord::SchemaMigration Pluck (0.8ms)[0m  [1m[34mSELECT "schema_migrations"."version" FROM "schema_migrations" ORDER BY "schema_migrations"."version" ASC[0m
  [1m[36mTRANSACTION (0.1ms)[0m  [1m[35mBEGIN[0m
  [1m[36mAirline Create (23.5ms)[0m  [1m[32mINSERT INTO "airlines" ("name", "image_url", "slug", "created_at", "updated_at") VALUES ($1, $2, $3, $4, $5) RETURNING "id"[0m  [["name", "United Airlines"], ["image_url", "https://open-flights.s3.amazonaws.com/United-Airlines.png"], ["slug", "united-airlines"], ["created_at", "2022-05-22 03:57:10.561546"], ["updated_at", "2022-05-22 03:57:10.561546"]]
  [1m[36mTRANSACTION (14.5ms)[0m  [1m[35mCOMMIT[0m
  [1m[36mTRANSACTION (0.1ms)[0m  [1m[35mBEGIN[0m
  [1m[36mAirline Create (0.3ms)[0m  [1m[32mINSERT INTO "airlines" ("name", "image_url", "slug", "created_at", "updated_at") VALUES ($1, $2, $3, $4, $5) RETURNING "id"[0m  [["name", "Southwest"], ["image_url", "https://open-flights.s3.amazonaws.com/Southwest-Airlines.png"], ["slug", "southwest"], ["created_at", "2022-05-22 03:57:10.631756"], ["updated_at", "2022-05-22 03:57:10.631756"]]
  [1m[36mTRANSACTION (0.2ms)[0m  [1m[35mCOMMIT[0m
  [1m[36mTRANSACTION (0.1ms)[0m  [1m[35mBEGIN[0m
  [1m[36mAirline Create (0.2ms)[0m  [1m[32mINSERT INTO "airlines" ("name", "image_url", "slug", "created_at", "updated_at") VALUES ($1, $2, $3, $4, $5) RETURNING "id"[0m  [["name", "Delta"], ["image_url", "https://open-flights.s3.amazonaws.com/Delta.png"], ["slug", "delta"], ["created_at", "2022-05-22 03:57:10.633561"], ["updated_at", "2022-05-22 03:57:10.633561"]]
  [1m[36mTRANSACTION (0.2ms)[0m  [1m[35mCOMMIT[0m
  [1m[36mTRANSACTION (0.1ms)[0m  [1m[35mBEGIN[0m
  [1m[36mReview Create (7.0ms)[0m  [1m[32mINSERT INTO "reviews" ("title", "description", "score", "airline_id", "created_at", "updated_at") VALUES ($1, $2, $3, $4, $5, $6) RETURNING "id"[0m  [["title", "Greate airlines"], ["description", "I had a lovely time"], ["score", 5], ["airline_id", 10], ["created_at", "2022-05-22 03:57:10.680146"], ["updated_at", "2022-05-22 03:57:10.680146"]]
  [1m[36mTRANSACTION (0.2ms)[0m  [1m[35mCOMMIT[0m
  [1m[36mTRANSACTION (0.1ms)[0m  [1m[35mBEGIN[0m
  [1m[36mReview Create (0.3ms)[0m  [1m[32mINSERT INTO "reviews" ("title", "description", "score", "airline_id", "created_at", "updated_at") VALUES ($1, $2, $3, $4, $5, $6) RETURNING "id"[0m  [["title", "Fair"], ["description", "Lacking air conditioners"], ["score", 3], ["airline_id", 12], ["created_at", "2022-05-22 03:57:10.690259"], ["updated_at", "2022-05-22 03:57:10.690259"]]
  [1m[36mTRANSACTION (0.2ms)[0m  [1m[35mCOMMIT[0m
  [1m[36mReview Load (6.4ms)[0m  [1m[34mSELECT "reviews".* FROM "reviews"[0m
  [1m[36mAirline Load (17.4ms)[0m  [1m[34mSELECT "airlines".* FROM "airlines"[0m
  [1m[36mAirline Load (3.8ms)[0m  [1m[34mSELECT "airlines".* FROM "airlines" ORDER BY "airlines"."id" ASC LIMIT $1[0m  [["LIMIT", 1]]
  [1m[36mReview Load (3.0ms)[0m  [1m[34mSELECT "reviews".* FROM "reviews" WHERE "reviews"."airline_id" = $1[0m  [["airline_id", 1]]
  [1m[36mAirline Load (2.6ms)[0m  [1m[34mSELECT "airlines".* FROM "airlines" ORDER BY "airlines"."id" DESC LIMIT $1[0m  [["LIMIT", 1]]
  [1m[36mReview Load (0.3ms)[0m  [1m[34mSELECT "reviews".* FROM "reviews" WHERE "reviews"."airline_id" = $1[0m  [["airline_id", 12]]
  [1m[36mAirline Load (64.2ms)[0m  [1m[34mSELECT "airlines".* FROM "airlines" ORDER BY "airlines"."id" DESC LIMIT $1[0m  [["LIMIT", 1]]
  [1m[36mReview Average (3.4ms)[0m  [1m[34mSELECT AVG("reviews"."score") FROM "reviews" WHERE "reviews"."airline_id" = $1[0m  [["airline_id", 12]]
Started GET "/" for 127.0.0.1 at 2022-06-05 03:08:52 +0300
  [1m[36mActiveRecord::SchemaMigration Pluck (1.8ms)[0m  [1m[34mSELECT "schema_migrations"."version" FROM "schema_migrations" ORDER BY "schema_migrations"."version" ASC[0m
  
Zeitwerk::NameError (expected file /Users/jude/www/flights/app/controllers/pages_controller.rb to define constant PagesController, but didn't):
  
zeitwerk (2.5.4) lib/zeitwerk/loader/callbacks.rb:25:in `on_file_autoloaded'
zeitwerk (2.5.4) lib/zeitwerk/kernel.rb:28:in `require'
activesupport (7.0.3) lib/active_support/inflector/methods.rb:280:in `const_get'
activesupport (7.0.3) lib/active_support/inflector/methods.rb:280:in `constantize'
activesupport (7.0.3) lib/active_support/core_ext/string/inflections.rb:74:in `constantize'
actionpack (7.0.3) lib/action_dispatch/http/request.rb:90:in `controller_class_for'
actionpack (7.0.3) lib/action_dispatch/request/utils.rb:95:in `action_encoding_template'
actionpack (7.0.3) lib/action_dispatch/request/utils.rb:83:in `encode'
actionpack (7.0.3) lib/action_dispatch/request/utils.rb:45:in `set_binary_encoding'
actionpack (7.0.3) lib/action_dispatch/http/parameters.rb:68:in `path_parameters='
actionpack (7.0.3) lib/action_dispatch/journey/router.rb:48:in `block in serve'
actionpack (7.0.3) lib/action_dispatch/journey/router.rb:32:in `each'
actionpack (7.0.3) lib/action_dispatch/journey/router.rb:32:in `serve'
actionpack (7.0.3) lib/action_dispatch/routing/route_set.rb:852:in `call'
rack (2.2.3) lib/rack/tempfile_reaper.rb:15:in `call'
rack (2.2.3) lib/rack/etag.rb:27:in `call'
rack (2.2.3) lib/rack/conditional_get.rb:27:in `call'
rack (2.2.3) lib/rack/head.rb:12:in `call'
actionpack (7.0.3) lib/action_dispatch/http/permissions_policy.rb:38:in `call'
actionpack (7.0.3) lib/action_dispatch/http/content_security_policy.rb:36:in `call'
rack (2.2.3) lib/rack/session/abstract/id.rb:266:in `context'
rack (2.2.3) lib/rack/session/abstract/id.rb:260:in `call'
actionpack (7.0.3) lib/action_dispatch/middleware/cookies.rb:697:in `call'
activerecord (7.0.3) lib/active_record/migration.rb:603:in `call'
actionpack (7.0.3) lib/action_dispatch/middleware/callbacks.rb:27:in `block in call'
activesupport (7.0.3) lib/active_support/callbacks.rb:99:in `run_callbacks'
actionpack (7.0.3) lib/action_dispatch/middleware/callbacks.rb:26:in `call'
actionpack (7.0.3) lib/action_dispatch/middleware/executor.rb:14:in `call'
actionpack (7.0.3) lib/action_dispatch/middleware/actionable_exceptions.rb:17:in `call'
actionpack (7.0.3) lib/action_dispatch/middleware/debug_exceptions.rb:28:in `call'
web-console (4.2.0) lib/web_console/middleware.rb:132:in `call_app'
web-console (4.2.0) lib/web_console/middleware.rb:28:in `block in call'
web-console (4.2.0) lib/web_console/middleware.rb:17:in `catch'
web-console (4.2.0) lib/web_console/middleware.rb:17:in `call'
actionpack (7.0.3) lib/action_dispatch/middleware/show_exceptions.rb:26:in `call'
railties (7.0.3) lib/rails/rack/logger.rb:40:in `call_app'
railties (7.0.3) lib/rails/rack/logger.rb:25:in `block in call'
activesupport (7.0.3) lib/active_support/tagged_logging.rb:114:in `block in tagged'
activesupport (7.0.3) lib/active_support/tagged_logging.rb:38:in `tagged'
activesupport (7.0.3) lib/active_support/tagged_logging.rb:114:in `tagged'
railties (7.0.3) lib/rails/rack/logger.rb:25:in `call'
sprockets-rails (3.4.2) lib/sprockets/rails/quiet_assets.rb:13:in `call'
actionpack (7.0.3) lib/action_dispatch/middleware/remote_ip.rb:93:in `call'
actionpack (7.0.3) lib/action_dispatch/middleware/request_id.rb:26:in `call'
rack (2.2.3) lib/rack/method_override.rb:24:in `call'
rack (2.2.3) lib/rack/runtime.rb:22:in `call'
activesupport (7.0.3) lib/active_support/cache/strategy/local_cache_middleware.rb:29:in `call'
actionpack (7.0.3) lib/action_dispatch/middleware/server_timing.rb:20:in `call'
actionpack (7.0.3) lib/action_dispatch/middleware/executor.rb:14:in `call'
actionpack (7.0.3) lib/action_dispatch/middleware/static.rb:23:in `call'
rack (2.2.3) lib/rack/sendfile.rb:110:in `call'
actionpack (7.0.3) lib/action_dispatch/middleware/host_authorization.rb:137:in `call'
railties (7.0.3) lib/rails/engine.rb:530:in `call'
puma (5.6.4) lib/puma/configuration.rb:252:in `call'
puma (5.6.4) lib/puma/request.rb:77:in `block in handle_request'
puma (5.6.4) lib/puma/thread_pool.rb:340:in `with_force_shutdown'
puma (5.6.4) lib/puma/request.rb:76:in `handle_request'
puma (5.6.4) lib/puma/server.rb:441:in `process_client'
puma (5.6.4) lib/puma/thread_pool.rb:147:in `block in spawn_thread'
Started GET "/" for ::1 at 2022-06-05 03:09:08 +0300
  
ActionController::RoutingError (uninitialized constant PagesController
Did you mean?  PageController):
  
  [1m[35m (0.7ms)[0m  [1m[34mSELECT pg_try_advisory_lock(5424714443319217200)[0m
  [1m[36mActiveRecord::SchemaMigration Pluck (1.7ms)[0m  [1m[34mSELECT "schema_migrations"."version" FROM "schema_migrations" ORDER BY "schema_migrations"."version" ASC[0m
  [1m[36mActiveRecord::InternalMetadata Load (1.1ms)[0m  [1m[34mSELECT "ar_internal_metadata".* FROM "ar_internal_metadata" WHERE "ar_internal_metadata"."key" = $1 LIMIT $2[0m  [["key", "environment"], ["LIMIT", 1]]
  [1m[35m (0.3ms)[0m  [1m[34mSELECT pg_advisory_unlock(5424714443319217200)[0m
  [1m[36mActiveRecord::SchemaMigration Pluck (0.7ms)[0m  [1m[34mSELECT "schema_migrations"."version" FROM "schema_migrations" ORDER BY "schema_migrations"."version" ASC[0m
  [1m[36mActiveRecord::SchemaMigration Pluck (1.5ms)[0m  [1m[34mSELECT "schema_migrations"."version" FROM "schema_migrations" ORDER BY "schema_migrations"."version" ASC[0m
  [1m[36mTRANSACTION (0.1ms)[0m  [1m[35mBEGIN[0m
  [1m[36mAirline Create (19.7ms)[0m  [1m[32mINSERT INTO "airlines" ("name", "image_url", "slug", "created_at", "updated_at") VALUES ($1, $2, $3, $4, $5) RETURNING "id"[0m  [["name", "United Airlines"], ["image_url", "https://open-flights.s3.amazonaws.com/United-Airlines.png"], ["slug", "united-airlines"], ["created_at", "2022-06-05 00:30:39.234678"], ["updated_at", "2022-06-05 00:30:39.234678"]]
  [1m[36mTRANSACTION (0.5ms)[0m  [1m[35mCOMMIT[0m
  [1m[36mTRANSACTION (0.1ms)[0m  [1m[35mBEGIN[0m
  [1m[36mAirline Create (0.2ms)[0m  [1m[32mINSERT INTO "airlines" ("name", "image_url", "slug", "created_at", "updated_at") VALUES ($1, $2, $3, $4, $5) RETURNING "id"[0m  [["name", "Southwest"], ["image_url", "https://open-flights.s3.amazonaws.com/Southwest-Airlines.png"], ["slug", "southwest"], ["created_at", "2022-06-05 00:30:39.264233"], ["updated_at", "2022-06-05 00:30:39.264233"]]
  [1m[36mTRANSACTION (0.2ms)[0m  [1m[35mCOMMIT[0m
  [1m[36mTRANSACTION (0.1ms)[0m  [1m[35mBEGIN[0m
  [1m[36mAirline Create (0.2ms)[0m  [1m[32mINSERT INTO "airlines" ("name", "image_url", "slug", "created_at", "updated_at") VALUES ($1, $2, $3, $4, $5) RETURNING "id"[0m  [["name", "Delta"], ["image_url", "https://open-flights.s3.amazonaws.com/Delta.png"], ["slug", "delta"], ["created_at", "2022-06-05 00:30:39.265789"], ["updated_at", "2022-06-05 00:30:39.265789"]]
  [1m[36mTRANSACTION (0.2ms)[0m  [1m[35mCOMMIT[0m
  [1m[36mTRANSACTION (0.1ms)[0m  [1m[35mBEGIN[0m
  [1m[36mReview Create (30.3ms)[0m  [1m[32mINSERT INTO "reviews" ("title", "description", "score", "airline_id", "created_at", "updated_at") VALUES ($1, $2, $3, $4, $5, $6) RETURNING "id"[0m  [["title", "Greate airlines"], ["description", "I had a lovely time"], ["score", 5], ["airline_id", 13], ["created_at", "2022-06-05 00:30:39.276192"], ["updated_at", "2022-06-05 00:30:39.276192"]]
  [1m[36mTRANSACTION (0.3ms)[0m  [1m[35mCOMMIT[0m
  [1m[36mTRANSACTION (0.1ms)[0m  [1m[35mBEGIN[0m
  [1m[36mReview Create (0.4ms)[0m  [1m[32mINSERT INTO "reviews" ("title", "description", "score", "airline_id", "created_at", "updated_at") VALUES ($1, $2, $3, $4, $5, $6) RETURNING "id"[0m  [["title", "Fair"], ["description", "Lacking air conditioners"], ["score", 3], ["airline_id", 15], ["created_at", "2022-06-05 00:30:39.308219"], ["updated_at", "2022-06-05 00:30:39.308219"]]
  [1m[36mTRANSACTION (0.2ms)[0m  [1m[35mCOMMIT[0m
  [1m[36mReview Load (1.1ms)[0m  [1m[34mSELECT "reviews".* FROM "reviews"[0m
  [1m[36mReview Count (10.3ms)[0m  [1m[34mSELECT COUNT(*) FROM "reviews"[0m
  [1m[36mAirline Load (2.2ms)[0m  [1m[34mSELECT "airlines".* FROM "airlines" ORDER BY "airlines"."id" ASC LIMIT $1[0m  [["LIMIT", 1]]
  [1m[36mReview Load (4.7ms)[0m  [1m[34mSELECT "reviews".* FROM "reviews" WHERE "reviews"."airline_id" = $1[0m  [["airline_id", 1]]
  [1m[36mAirline Load (2.4ms)[0m  [1m[34mSELECT "airlines".* FROM "airlines" ORDER BY "airlines"."id" ASC LIMIT $1[0m  [["LIMIT", 1]]
  [1m[36mReview Pluck (42.9ms)[0m  [1m[34mSELECT "reviews"."id" FROM "reviews" WHERE "reviews"."airline_id" = $1[0m  [["airline_id", 1]]
